# ELBREAD: Elaboration process.
# ELBREAD: Error: Architecture 'usuario_architecture' of entity 'usuario' not found in library 'tda_1819'.
# ELBREAD: Error: Elaboration process completed with errors.
# Design: Error: Elaboration failed
acom -O3 -e 100 -work TDA_1819 -2002  $dsn/src/Packages/const_reloj.vhd $dsn/src/Packages/tipos_cpu.vhd $dsn/src/Packages/tipos_memoria.vhd $dsn/src/Packages/const_memoria.vhd $dsn/src/Packages/const_registros.vhd $dsn/src/Packages/const_flags.vhd $dsn/src/Packages/const_buses.vhd $dsn/src/Packages/const_cpu.vhd $dsn/src/Packages/tipos_ensamblador.vhd $dsn/src/Packages/repert_cpu.vhd $dsn/src/Packages/tipos_ascii.vhd $dsn/src/Packages/const_ascii.vhd $dsn/src/Packages/func_ensamblador.vhd $dsn/src/Packages/const_ensamblador.vhd $dsn/src/Usuario/usuario.vhd $dsn/src/Usuario/PC/pc.vhd "$dsn/src/Usuario/PC/1. Ensamblador/ensamblador.vhd" "$dsn/src/Usuario/PC/2. CPU/cpu.vhd" "$dsn/src/Usuario/PC/2. CPU/1. UI/ui.vhd" "$dsn/src/Usuario/PC/2. CPU/1. UI/1. Máquina de Estados/states_machine.vhd" "$dsn/src/Usuario/PC/2. CPU/1. UI/2. Registros FP/registros_fp.vhd" "$dsn/src/Usuario/PC/2. CPU/2. Etapas/etapas.vhd" "$dsn/src/Usuario/PC/2. CPU/2. Etapas/1. Fetch/fetch.vhd" "$dsn/src/Usuario/PC/2. CPU/2. Etapas/2. Decode/decode.vhd" "$dsn/src/Usuario/PC/2. CPU/2. Etapas/3. Execute/execute.vhd" "$dsn/src/Usuario/PC/2. CPU/2. Etapas/3. Execute/1. ALU/execute_alu.vhd" "$dsn/src/Usuario/PC/2. CPU/2. Etapas/3. Execute/2. FPU/execute_fpu.vhd" "$dsn/src/Usuario/PC/2. CPU/2. Etapas/4. Memory Access/memory_access.vhd" "$dsn/src/Usuario/PC/2. CPU/2. Etapas/5. Writeback/writeback.vhd" "$dsn/src/Usuario/PC/2. CPU/3. Pipeline_Registros/pipeline_registros.vhd" "$dsn/src/Usuario/PC/2. CPU/4. Atascos/atascos.vhd" "$dsn/src/Usuario/PC/2. CPU/4. Atascos/1. Estructurales/str_detector.vhd" "$dsn/src/Usuario/PC/2. CPU/4. Atascos/2. Datos/raw_waw_detector.vhd" "$dsn/src/Usuario/PC/2. CPU/5. CPU_Admin/cpu_admin.vhd" "$dsn/src/Usuario/PC/2. CPU/6. Reloj/reloj.vhd" "$dsn/src/Usuario/PC/2. CPU/7. Registros/registros.vhd" "$dsn/src/Usuario/PC/3. Buses_Admin/buses_admin.vhd" "$dsn/src/Usuario/PC/4. Memoria/memoria.vhd"
# Compile Package "const_reloj"
# Compile Package Body "const_reloj"
# Error: VLM_0026: Cannot write data to the MGF file - possibly no space on disk or MGF file corrupted. In the second case, please use command vdel -all to empty library "tda_1819".
# Error: VLM_0026: Cannot write data to the MGF file - possibly no space on disk or MGF file corrupted. In the second case, please use command vdel -all to empty library "tda_1819".
# Compile failure 2 Errors 0 Warnings  Analysis time :  47.0 [ms]
acom -O3 -e 100 -work TDA_1819 -2002  $dsn/src/Packages/const_reloj.vhd $dsn/src/Packages/tipos_cpu.vhd $dsn/src/Packages/tipos_memoria.vhd $dsn/src/Packages/const_memoria.vhd $dsn/src/Packages/const_registros.vhd $dsn/src/Packages/const_flags.vhd $dsn/src/Packages/const_buses.vhd $dsn/src/Packages/const_cpu.vhd $dsn/src/Packages/tipos_ensamblador.vhd $dsn/src/Packages/repert_cpu.vhd $dsn/src/Packages/tipos_ascii.vhd $dsn/src/Packages/const_ascii.vhd $dsn/src/Packages/func_ensamblador.vhd $dsn/src/Packages/const_ensamblador.vhd $dsn/src/Usuario/usuario.vhd $dsn/src/Usuario/PC/pc.vhd "$dsn/src/Usuario/PC/1. Ensamblador/ensamblador.vhd" "$dsn/src/Usuario/PC/2. CPU/cpu.vhd" "$dsn/src/Usuario/PC/2. CPU/1. UI/ui.vhd" "$dsn/src/Usuario/PC/2. CPU/1. UI/1. Máquina de Estados/states_machine.vhd" "$dsn/src/Usuario/PC/2. CPU/1. UI/2. Registros FP/registros_fp.vhd" "$dsn/src/Usuario/PC/2. CPU/2. Etapas/etapas.vhd" "$dsn/src/Usuario/PC/2. CPU/2. Etapas/1. Fetch/fetch.vhd" "$dsn/src/Usuario/PC/2. CPU/2. Etapas/2. Decode/decode.vhd" "$dsn/src/Usuario/PC/2. CPU/2. Etapas/3. Execute/execute.vhd" "$dsn/src/Usuario/PC/2. CPU/2. Etapas/3. Execute/1. ALU/execute_alu.vhd" "$dsn/src/Usuario/PC/2. CPU/2. Etapas/3. Execute/2. FPU/execute_fpu.vhd" "$dsn/src/Usuario/PC/2. CPU/2. Etapas/4. Memory Access/memory_access.vhd" "$dsn/src/Usuario/PC/2. CPU/2. Etapas/5. Writeback/writeback.vhd" "$dsn/src/Usuario/PC/2. CPU/3. Pipeline_Registros/pipeline_registros.vhd" "$dsn/src/Usuario/PC/2. CPU/4. Atascos/atascos.vhd" "$dsn/src/Usuario/PC/2. CPU/4. Atascos/1. Estructurales/str_detector.vhd" "$dsn/src/Usuario/PC/2. CPU/4. Atascos/2. Datos/raw_waw_detector.vhd" "$dsn/src/Usuario/PC/2. CPU/5. CPU_Admin/cpu_admin.vhd" "$dsn/src/Usuario/PC/2. CPU/6. Reloj/reloj.vhd" "$dsn/src/Usuario/PC/2. CPU/7. Registros/registros.vhd" "$dsn/src/Usuario/PC/3. Buses_Admin/buses_admin.vhd" "$dsn/src/Usuario/PC/4. Memoria/memoria.vhd"
# Compile Package "const_reloj"
# Compile Package Body "const_reloj"
# Compile Package "tipos_cpu"
# Compile Package Body "tipos_cpu"
# Error: VLM_0026: Cannot write data to the MGF file - possibly no space on disk or MGF file corrupted. In the second case, please use command vdel -all to empty library "tda_1819".
# Error: VLM_0026: Cannot write data to the MGF file - possibly no space on disk or MGF file corrupted. In the second case, please use command vdel -all to empty library "tda_1819".
# Compile failure 2 Errors 0 Warnings  Analysis time :  0.0 [ms]
vdel -all
# Library contents cleared.
acom -reorder -O3 -e 100 -work TDA_1819 -2002  $dsn/src/Packages/const_reloj.vhd $dsn/src/Packages/tipos_cpu.vhd $dsn/src/Packages/tipos_memoria.vhd $dsn/src/Packages/const_memoria.vhd $dsn/src/Packages/const_registros.vhd $dsn/src/Packages/const_flags.vhd $dsn/src/Packages/const_buses.vhd $dsn/src/Packages/const_cpu.vhd $dsn/src/Packages/tipos_ensamblador.vhd $dsn/src/Packages/repert_cpu.vhd $dsn/src/Packages/tipos_ascii.vhd $dsn/src/Packages/const_ascii.vhd $dsn/src/Packages/func_ensamblador.vhd $dsn/src/Packages/const_ensamblador.vhd $dsn/src/Usuario/usuario.vhd $dsn/src/Usuario/PC/pc.vhd "$dsn/src/Usuario/PC/1. Ensamblador/ensamblador.vhd" "$dsn/src/Usuario/PC/2. CPU/cpu.vhd" "$dsn/src/Usuario/PC/2. CPU/1. UI/ui.vhd" "$dsn/src/Usuario/PC/2. CPU/1. UI/1. Máquina de Estados/states_machine.vhd" "$dsn/src/Usuario/PC/2. CPU/1. UI/2. Registros FP/registros_fp.vhd" "$dsn/src/Usuario/PC/2. CPU/2. Etapas/etapas.vhd" "$dsn/src/Usuario/PC/2. CPU/2. Etapas/1. Fetch/fetch.vhd" "$dsn/src/Usuario/PC/2. CPU/2. Etapas/2. Decode/decode.vhd" "$dsn/src/Usuario/PC/2. CPU/2. Etapas/3. Execute/execute.vhd" "$dsn/src/Usuario/PC/2. CPU/2. Etapas/3. Execute/1. ALU/execute_alu.vhd" "$dsn/src/Usuario/PC/2. CPU/2. Etapas/3. Execute/2. FPU/execute_fpu.vhd" "$dsn/src/Usuario/PC/2. CPU/2. Etapas/4. Memory Access/memory_access.vhd" "$dsn/src/Usuario/PC/2. CPU/2. Etapas/5. Writeback/writeback.vhd" "$dsn/src/Usuario/PC/2. CPU/3. Pipeline_Registros/pipeline_registros.vhd" "$dsn/src/Usuario/PC/2. CPU/4. Atascos/atascos.vhd" "$dsn/src/Usuario/PC/2. CPU/4. Atascos/1. Estructurales/str_detector.vhd" "$dsn/src/Usuario/PC/2. CPU/4. Atascos/2. Datos/raw_waw_detector.vhd" "$dsn/src/Usuario/PC/2. CPU/5. CPU_Admin/cpu_admin.vhd" "$dsn/src/Usuario/PC/2. CPU/6. Reloj/reloj.vhd" "$dsn/src/Usuario/PC/2. CPU/7. Registros/registros.vhd" "$dsn/src/Usuario/PC/3. Buses_Admin/buses_admin.vhd" "$dsn/src/Usuario/PC/4. Memoria/memoria.vhd"
# Compile Package "const_reloj"
# Compile Package Body "const_reloj"
# Compile Package "tipos_cpu"
# Compile Package Body "tipos_cpu"
# Compile Package "tipos_memoria"
# Compile Package Body "tipos_memoria"
# Compile Package "const_memoria"
# Compile Package Body "const_memoria"
# Compile Package "const_registros"
# Compile Package Body "const_registros"
# Compile Package "const_flags"
# Compile Package Body "const_flags"
# Compile Package "const_buses"
# Compile Package Body "const_buses"
# Compile Package "const_cpu"
# Compile Package Body "const_cpu"
# Compile Package "tipos_ensamblador"
# Compile Package Body "tipos_ensamblador"
# Compile Package "repert_cpu"
# Compile Package Body "repert_cpu"
# Compile Package "tipos_ascii"
# Compile Package Body "tipos_ascii"
# Compile Package "const_ascii"
# Compile Package Body "const_ascii"
# Compile Package "func_ensamblador"
# Compile Package Body "func_ensamblador"
# Compile Package "const_ensamblador"
# Compile Package Body "const_ensamblador"
# Compile Entity "usuario"
# Compile Architecture "USUARIO_ARCHITECTURE" of Entity "usuario"
# Compile Entity "pc"
# Compile Architecture "PC_ARCHITECTURE" of Entity "pc"
# Compile Entity "ensamblador"
# Compile Architecture "ENSAMBLADOR_ARCHITECTURE" of Entity "ensamblador"
# Compile Entity "cpu"
# Compile Architecture "CPU_ARCHITECTURE" of Entity "cpu"
# Compile Entity "ui"
# Compile Architecture "UI_ARCHITECTURE" of Entity "ui"
# Compile Entity "states_machine"
# Compile Architecture "STATES_MACHINE_ARCHITECTURE" of Entity "states_machine"
# Compile Entity "registros_fp"
# Compile Architecture "REGISTROS_FP_ARCHITECTURE" of Entity "registros_fp"
# Compile Entity "etapas"
# Compile Architecture "ETAPAS_ARCHITECTURE" of Entity "etapas"
# Compile Entity "fetch"
# Compile Architecture "fetch_architecture" of Entity "fetch"
# Compile Entity "decode"
# Compile Architecture "decode_architecture" of Entity "decode"
# Compile Entity "execute"
# Compile Architecture "EXECUTE_ARCHITECTURE" of Entity "execute"
# Compile Entity "execute_alu"
# Compile Architecture "EXECUTE_ALU_ARCHITECTURE" of Entity "execute_alu"
# Compile Entity "execute_fpu"
# Compile Architecture "EXECUTE_FPU_ARCHITECTURE" of Entity "execute_fpu"
# Compile Entity "memory_access"
# Compile Architecture "MEMORY_ACCESS_ARCHITECTURE" of Entity "memory_access"
# Compile Entity "writeback"
# Compile Architecture "WRITEBACK_ARCHITECTURE" of Entity "writeback"
# Compile Entity "pipeline_registros"
# Compile Architecture "pipeline_registros_architecture" of Entity "pipeline_registros"
# Compile Entity "atascos"
# Compile Architecture "ATASCOS_ARCHITECTURE" of Entity "atascos"
# Compile Entity "str_detector"
# Compile Architecture "STR_DETECTOR_ARCHITECTURE" of Entity "str_detector"
# Compile Entity "raw_waw_detector"
# Compile Architecture "RAW_WAW_DETECTOR_ARCHITECTURE" of Entity "raw_waw_detector"
# Compile Entity "cpu_admin"
# Compile Architecture "cpu_admin_architecture" of Entity "cpu_admin"
# Compile Entity "reloj"
# Compile Architecture "reloj_architecture" of Entity "reloj"
# Compile Entity "registros"
# Compile Architecture "REGISTROS_ARCHITECTURE" of Entity "registros"
# Compile Entity "buses_admin"
# Compile Architecture "BUSES_ADMIN_ARCHITECTURE" of Entity "buses_admin"
# Compile Entity "memoria"
# Compile Architecture "MEMORIA_ARCHITECTURE" of Entity "memoria"
# Incorrect order of units detected.
# Automatic reorder and incremental recompilation of required units in progress.
# Top-level unit(s) detected:
# Entity => usuario
# Compile Architecture "UI_ARCHITECTURE" of Entity "ui"
# Compile Architecture "ATASCOS_ARCHITECTURE" of Entity "atascos"
# Compile Architecture "EXECUTE_ARCHITECTURE" of Entity "execute"
# Compile Architecture "ETAPAS_ARCHITECTURE" of Entity "etapas"
# Compile Architecture "CPU_ARCHITECTURE" of Entity "cpu"
# Compile Architecture "PC_ARCHITECTURE" of Entity "pc"
# Compile Architecture "USUARIO_ARCHITECTURE" of Entity "usuario"
# Compile success 0 Errors 0 Warnings  Analysis time :  1.0 [s]
# ELBREAD: Elaboration process.
# ELBREAD: Elaboration time 0.0 [s].
# ELBREAD: Elaboration process.
# ELBREAD: Elaboration time 0.0 [s].
# ELBREAD: Elaboration process.
# ELBREAD: Elaboration time 0.0 [s].
asim -t ns -O5 +access +r +m+usuario usuario usuario_architecture
# ELBREAD: Elaboration process.
# ELBREAD: Elaboration time 0.0 [s].
# VSIM: Stack memory: 32MB
# VSIM: Retval memory: 32MB
# 
# KERNEL: Main thread initiated.
# KERNEL: Kernel process initialization phase.
# ELAB2: Elaboration final pass...
# ELAB2: Create instances ...
# KERNEL: Time resolution set to 1ns.
# ELAB2: Create instances complete.
# SLP: Started
# SLP: Elaboration phase ...
# SLP: Elaboration phase ... skipped, nothing to simulate in SLP mode : 0.0 [s]
# SLP: Finished : 0.0 [s]
# ELAB2: Elaboration final pass complete - time: 0.1 [s].
# KERNEL: Warning: You are using the Active-HDL Student Edition. The performance of simulation is running at a reduced rate.
# KERNEL: Warning: Contact Aldec for available upgrade options - sales@aldec.com.
# KERNEL: Kernel process initialization done.
# Allocation: Simulator allocated 57054 kB (elbread=427 elab2=56477 kernel=149 sdf=0)
# KERNEL: ASDB file was created in location D:\WindowsStuff\IngenieriaenComputacion\TercerAño\2doSemestre\TallerDeArquitectura\Repositorio\ProcesadorTDA1819\TDA_1819\TDA_1819\src\wave.asdb
#  5:01 PM, Monday, November 17, 2025
#  Simulation has been initialized
# add wave -noreg {/usuario/DoneCompUser}
# add wave -noreg {/usuario/DoneCpuUser}
# add wave -noreg {/usuario/ReadyUser}
# VSIM: 3 object(s) traced.
# Waveform file 'untitled.awc' connected to 'D:/WindowsStuff/IngenieriaenComputacion/TercerAño/2doSemestre/TallerDeArquitectura/Repositorio/ProcesadorTDA1819/TDA_1819/TDA_1819/src/wave.asdb'.
# add wave -noreg {/usuario/UUT/UUT4/Stack_Memory}
# VSIM: 1 object(s) traced.
# add wave -noreg {/usuario/UUT/UUT2/UUT7/R1}
# VSIM: 1 object(s) traced.
# add wave -noreg {/usuario/UUT/UUT2/UUT7/R2}
# VSIM: 1 object(s) traced.
# add wave -noreg {/usuario/UUT/UUT2/UUT7/SP}
# VSIM: 1 object(s) traced.
run
# EXECUTION:: WARNING: El programa 'Assembler/prueba.asm' ha sido ensamblado exitosamente
# EXECUTION:: Time: 67 ns,  Iteration: 1,  Instance: /usuario,  Process: Main.
# EXECUTION:: WARNING: El programa 'Assembler/prueba.asm' ha sido ejecutado exitosamente
# EXECUTION:: Time: 800 ns,  Iteration: 1,  Instance: /usuario,  Process: Main.
# KERNEL: Simulation has finished. There are no more test vectors to simulate.
acom -O3 -e 100 -work tda_1819 -2002  $dsn/src/Packages/const_reloj.vhd $dsn/src/Packages/tipos_cpu.vhd $dsn/src/Packages/tipos_memoria.vhd $dsn/src/Packages/const_memoria.vhd $dsn/src/Packages/const_registros.vhd $dsn/src/Packages/const_flags.vhd $dsn/src/Packages/const_buses.vhd $dsn/src/Packages/const_cpu.vhd $dsn/src/Packages/tipos_ensamblador.vhd $dsn/src/Packages/repert_cpu.vhd $dsn/src/Packages/tipos_ascii.vhd $dsn/src/Packages/const_ascii.vhd $dsn/src/Packages/func_ensamblador.vhd $dsn/src/Packages/const_ensamblador.vhd $dsn/src/Usuario/usuario.vhd $dsn/src/Usuario/PC/pc.vhd "$dsn/src/Usuario/PC/1. Ensamblador/ensamblador.vhd" "$dsn/src/Usuario/PC/2. CPU/cpu.vhd" "$dsn/src/Usuario/PC/2. CPU/1. UI/ui.vhd" "$dsn/src/Usuario/PC/2. CPU/1. UI/1. Máquina de Estados/states_machine.vhd" "$dsn/src/Usuario/PC/2. CPU/1. UI/2. Registros FP/registros_fp.vhd" "$dsn/src/Usuario/PC/2. CPU/2. Etapas/etapas.vhd" "$dsn/src/Usuario/PC/2. CPU/2. Etapas/1. Fetch/fetch.vhd" "$dsn/src/Usuario/PC/2. CPU/2. Etapas/2. Decode/decode.vhd" "$dsn/src/Usuario/PC/2. CPU/2. Etapas/3. Execute/execute.vhd" "$dsn/src/Usuario/PC/2. CPU/2. Etapas/3. Execute/1. ALU/execute_alu.vhd" "$dsn/src/Usuario/PC/2. CPU/2. Etapas/3. Execute/2. FPU/execute_fpu.vhd" "$dsn/src/Usuario/PC/2. CPU/2. Etapas/4. Memory Access/memory_access.vhd" "$dsn/src/Usuario/PC/2. CPU/2. Etapas/5. Writeback/writeback.vhd" "$dsn/src/Usuario/PC/2. CPU/3. Pipeline_Registros/pipeline_registros.vhd" "$dsn/src/Usuario/PC/2. CPU/4. Atascos/atascos.vhd" "$dsn/src/Usuario/PC/2. CPU/4. Atascos/1. Estructurales/str_detector.vhd" "$dsn/src/Usuario/PC/2. CPU/4. Atascos/2. Datos/raw_waw_detector.vhd" "$dsn/src/Usuario/PC/2. CPU/5. CPU_Admin/cpu_admin.vhd" "$dsn/src/Usuario/PC/2. CPU/6. Reloj/reloj.vhd" "$dsn/src/Usuario/PC/2. CPU/7. Registros/registros.vhd" "$dsn/src/Usuario/PC/3. Buses_Admin/buses_admin.vhd" "$dsn/src/Usuario/PC/4. Memoria/memoria.vhd"
# Compile Package "const_reloj"
# Compile Package Body "const_reloj"
# Compile Package "tipos_cpu"
# Compile Package Body "tipos_cpu"
# Compile Package "tipos_memoria"
# Compile Package Body "tipos_memoria"
# Compile Package "const_memoria"
# Compile Package Body "const_memoria"
# Compile Package "const_registros"
# Compile Package Body "const_registros"
# Compile Package "const_flags"
# Compile Package Body "const_flags"
# Compile Package "const_buses"
# Compile Package Body "const_buses"
# Compile Package "const_cpu"
# Compile Package Body "const_cpu"
# Compile Package "tipos_ensamblador"
# Compile Package Body "tipos_ensamblador"
# Compile Package "repert_cpu"
# Compile Package Body "repert_cpu"
# Compile Package "tipos_ascii"
# Compile Package Body "tipos_ascii"
# Compile Package "const_ascii"
# Compile Package Body "const_ascii"
# Compile Package "func_ensamblador"
# Compile Package Body "func_ensamblador"
# Compile Package "const_ensamblador"
# Error: COMP96_0127: Packages/const_ensamblador.vhd : (71, 66): Improper aggregate length. Expected length is 22.
# Error: COMP96_0127: Packages/const_ensamblador.vhd : (72, 65): Improper aggregate length. Expected length is 22.
# Error: COMP96_0127: Packages/const_ensamblador.vhd : (73, 65): Improper aggregate length. Expected length is 22.
# Compile Package Body "const_ensamblador"
# Error: VLM_0030: Packages/const_ensamblador.vhd : (97, 1): Package "tda_1819.const_ensamblador" must be recompiled because package "tda_1819.tipos_ensamblador" has changed.
# Error: COMP96_0057: Packages/const_ensamblador.vhd : (97, 1): Cannot find referenced package declaration "const_ensamblador".
# Compile Entity "usuario"
# Compile Architecture "USUARIO_ARCHITECTURE" of Entity "usuario"
# Compile Entity "pc"
# Compile Architecture "PC_ARCHITECTURE" of Entity "pc"
# Error: VLM_0030: Usuario/PC/1. Ensamblador/ensamblador.vhd : (74, 0): Package "tda_1819.const_ensamblador" must be recompiled because package "tda_1819.tipos_ensamblador" has changed.
# Compile Entity "ensamblador"
# Error: VLM_0030: Usuario/PC/1. Ensamblador/ensamblador.vhd : (74, 14): Package "tda_1819.const_ensamblador" must be recompiled because package "tda_1819.tipos_ensamblador" has changed.
# Compile Architecture "ENSAMBLADOR_ARCHITECTURE" of Entity "ensamblador"
# Error: VLM_0009: Usuario/PC/1. Ensamblador/ensamblador.vhd : (118, 1): Entity "tda_1819.ensamblador" must be recompiled because package "tda_1819.tipos_ensamblador" has changed.
# Error: COMP96_0056: Usuario/PC/1. Ensamblador/ensamblador.vhd : (118, 1): Cannot find referenced entity declaration "ensamblador".
# Compile Entity "cpu"
# Compile Architecture "CPU_ARCHITECTURE" of Entity "cpu"
# Compile Entity "ui"
# Compile Architecture "UI_ARCHITECTURE" of Entity "ui"
# Compile Entity "states_machine"
# Compile Architecture "STATES_MACHINE_ARCHITECTURE" of Entity "states_machine"
# Compile Entity "registros_fp"
# Compile Architecture "REGISTROS_FP_ARCHITECTURE" of Entity "registros_fp"
# Compile Entity "etapas"
# Compile Architecture "ETAPAS_ARCHITECTURE" of Entity "etapas"
# Compile Entity "fetch"
# Compile Architecture "fetch_architecture" of Entity "fetch"
# Compile Entity "decode"
# Compile Architecture "decode_architecture" of Entity "decode"
# Compile Entity "execute"
# Compile Architecture "EXECUTE_ARCHITECTURE" of Entity "execute"
# Compile Entity "execute_alu"
# Compile Architecture "EXECUTE_ALU_ARCHITECTURE" of Entity "execute_alu"
# Compile Entity "execute_fpu"
# Compile Architecture "EXECUTE_FPU_ARCHITECTURE" of Entity "execute_fpu"
# Compile Entity "memory_access"
# Compile Architecture "MEMORY_ACCESS_ARCHITECTURE" of Entity "memory_access"
# Compile Entity "writeback"
# Compile Architecture "WRITEBACK_ARCHITECTURE" of Entity "writeback"
# Compile Entity "pipeline_registros"
# Compile Architecture "pipeline_registros_architecture" of Entity "pipeline_registros"
# Compile Entity "atascos"
# Compile Architecture "ATASCOS_ARCHITECTURE" of Entity "atascos"
# Compile Entity "str_detector"
# Compile Architecture "STR_DETECTOR_ARCHITECTURE" of Entity "str_detector"
# Compile Entity "raw_waw_detector"
# Compile Architecture "RAW_WAW_DETECTOR_ARCHITECTURE" of Entity "raw_waw_detector"
# Compile Entity "cpu_admin"
# Compile Architecture "cpu_admin_architecture" of Entity "cpu_admin"
# Compile Entity "reloj"
# Compile Architecture "reloj_architecture" of Entity "reloj"
# Compile Entity "registros"
# Compile Architecture "REGISTROS_ARCHITECTURE" of Entity "registros"
# Compile Entity "buses_admin"
# Compile Architecture "BUSES_ADMIN_ARCHITECTURE" of Entity "buses_admin"
# Compile Entity "memoria"
# Compile Architecture "MEMORIA_ARCHITECTURE" of Entity "memoria"
# Compile failure 9 Errors 0 Warnings  Analysis time :  0.8 [s]
acom -O3 -e 100 -work tda_1819 -2002  "$dsn/src/Usuario/PC/1. Ensamblador/ensamblador.vhd"
# Compile Entity "ensamblador"
# Error: VLM_0030: Usuario/PC/1. Ensamblador/ensamblador.vhd : (74, 14): Package "tda_1819.const_ensamblador" must be recompiled because package "tda_1819.tipos_ensamblador" has changed.
# Compile Architecture "ENSAMBLADOR_ARCHITECTURE" of Entity "ensamblador"
# Error: VLM_0009: Usuario/PC/1. Ensamblador/ensamblador.vhd : (118, 1): Entity "tda_1819.ensamblador" must be recompiled because package "tda_1819.tipos_ensamblador" has changed.
# Error: COMP96_0056: Usuario/PC/1. Ensamblador/ensamblador.vhd : (118, 1): Cannot find referenced entity declaration "ensamblador".
# Compile failure 3 Errors 0 Warnings  Analysis time :  32.0 [ms]
acom -O3 -e 100 -work tda_1819 -2002  $dsn/src/Packages/const_ensamblador.vhd
# Compile Package "const_ensamblador"
# Error: COMP96_0127: Packages/const_ensamblador.vhd : (71, 66): Improper aggregate length. Expected length is 22.
# Error: COMP96_0127: Packages/const_ensamblador.vhd : (72, 65): Improper aggregate length. Expected length is 22.
# Error: COMP96_0127: Packages/const_ensamblador.vhd : (73, 65): Improper aggregate length. Expected length is 22.
# Compile Package Body "const_ensamblador"
# Error: VLM_0030: Packages/const_ensamblador.vhd : (97, 1): Package "tda_1819.const_ensamblador" must be recompiled because package "tda_1819.tipos_ensamblador" has changed.
# Error: COMP96_0057: Packages/const_ensamblador.vhd : (97, 1): Cannot find referenced package declaration "const_ensamblador".
# Compile failure 5 Errors 0 Warnings  Analysis time :  0.0 [ms]
acom -O3 -e 100 -work tda_1819 -2002  $dsn/src/Packages/const_reloj.vhd $dsn/src/Packages/tipos_cpu.vhd $dsn/src/Packages/tipos_memoria.vhd $dsn/src/Packages/const_memoria.vhd $dsn/src/Packages/const_registros.vhd $dsn/src/Packages/const_flags.vhd $dsn/src/Packages/const_buses.vhd $dsn/src/Packages/const_cpu.vhd $dsn/src/Packages/tipos_ensamblador.vhd $dsn/src/Packages/repert_cpu.vhd $dsn/src/Packages/tipos_ascii.vhd $dsn/src/Packages/const_ascii.vhd $dsn/src/Packages/func_ensamblador.vhd $dsn/src/Packages/const_ensamblador.vhd $dsn/src/Usuario/usuario.vhd $dsn/src/Usuario/PC/pc.vhd "$dsn/src/Usuario/PC/1. Ensamblador/ensamblador.vhd" "$dsn/src/Usuario/PC/2. CPU/cpu.vhd" "$dsn/src/Usuario/PC/2. CPU/1. UI/ui.vhd" "$dsn/src/Usuario/PC/2. CPU/1. UI/1. Máquina de Estados/states_machine.vhd" "$dsn/src/Usuario/PC/2. CPU/1. UI/2. Registros FP/registros_fp.vhd" "$dsn/src/Usuario/PC/2. CPU/2. Etapas/etapas.vhd" "$dsn/src/Usuario/PC/2. CPU/2. Etapas/1. Fetch/fetch.vhd" "$dsn/src/Usuario/PC/2. CPU/2. Etapas/2. Decode/decode.vhd" "$dsn/src/Usuario/PC/2. CPU/2. Etapas/3. Execute/execute.vhd" "$dsn/src/Usuario/PC/2. CPU/2. Etapas/3. Execute/1. ALU/execute_alu.vhd" "$dsn/src/Usuario/PC/2. CPU/2. Etapas/3. Execute/2. FPU/execute_fpu.vhd" "$dsn/src/Usuario/PC/2. CPU/2. Etapas/4. Memory Access/memory_access.vhd" "$dsn/src/Usuario/PC/2. CPU/2. Etapas/5. Writeback/writeback.vhd" "$dsn/src/Usuario/PC/2. CPU/3. Pipeline_Registros/pipeline_registros.vhd" "$dsn/src/Usuario/PC/2. CPU/4. Atascos/atascos.vhd" "$dsn/src/Usuario/PC/2. CPU/4. Atascos/1. Estructurales/str_detector.vhd" "$dsn/src/Usuario/PC/2. CPU/4. Atascos/2. Datos/raw_waw_detector.vhd" "$dsn/src/Usuario/PC/2. CPU/5. CPU_Admin/cpu_admin.vhd" "$dsn/src/Usuario/PC/2. CPU/6. Reloj/reloj.vhd" "$dsn/src/Usuario/PC/2. CPU/7. Registros/registros.vhd" "$dsn/src/Usuario/PC/3. Buses_Admin/buses_admin.vhd" "$dsn/src/Usuario/PC/4. Memoria/memoria.vhd"
# Compile Package "const_reloj"
# Compile Package Body "const_reloj"
# Compile Package "tipos_cpu"
# Compile Package Body "tipos_cpu"
# Compile Package "tipos_memoria"
# Compile Package Body "tipos_memoria"
# Compile Package "const_memoria"
# Compile Package Body "const_memoria"
# Compile Package "const_registros"
# Compile Package Body "const_registros"
# Compile Package "const_flags"
# Compile Package Body "const_flags"
# Compile Package "const_buses"
# Compile Package Body "const_buses"
# Compile Package "const_cpu"
# Compile Package Body "const_cpu"
# Compile Package "tipos_ensamblador"
# Compile Package Body "tipos_ensamblador"
# Compile Package "repert_cpu"
# Compile Package Body "repert_cpu"
# Compile Package "tipos_ascii"
# Compile Package Body "tipos_ascii"
# Compile Package "const_ascii"
# Compile Package Body "const_ascii"
# Compile Package "func_ensamblador"
# Compile Package Body "func_ensamblador"
# Compile Package "const_ensamblador"
# Compile Package Body "const_ensamblador"
# Compile Entity "usuario"
# Compile Architecture "USUARIO_ARCHITECTURE" of Entity "usuario"
# Compile Entity "pc"
# Compile Architecture "PC_ARCHITECTURE" of Entity "pc"
# Compile Entity "ensamblador"
# Compile Architecture "ENSAMBLADOR_ARCHITECTURE" of Entity "ensamblador"
# Compile Entity "cpu"
# Compile Architecture "CPU_ARCHITECTURE" of Entity "cpu"
# Compile Entity "ui"
# Compile Architecture "UI_ARCHITECTURE" of Entity "ui"
# Compile Entity "states_machine"
# Compile Architecture "STATES_MACHINE_ARCHITECTURE" of Entity "states_machine"
# Compile Entity "registros_fp"
# Compile Architecture "REGISTROS_FP_ARCHITECTURE" of Entity "registros_fp"
# Compile Entity "etapas"
# Compile Architecture "ETAPAS_ARCHITECTURE" of Entity "etapas"
# Compile Entity "fetch"
# Compile Architecture "fetch_architecture" of Entity "fetch"
# Compile Entity "decode"
# Compile Architecture "decode_architecture" of Entity "decode"
# Compile Entity "execute"
# Compile Architecture "EXECUTE_ARCHITECTURE" of Entity "execute"
# Compile Entity "execute_alu"
# Compile Architecture "EXECUTE_ALU_ARCHITECTURE" of Entity "execute_alu"
# Compile Entity "execute_fpu"
# Compile Architecture "EXECUTE_FPU_ARCHITECTURE" of Entity "execute_fpu"
# Compile Entity "memory_access"
# Compile Architecture "MEMORY_ACCESS_ARCHITECTURE" of Entity "memory_access"
# Compile Entity "writeback"
# Compile Architecture "WRITEBACK_ARCHITECTURE" of Entity "writeback"
# Compile Entity "pipeline_registros"
# Compile Architecture "pipeline_registros_architecture" of Entity "pipeline_registros"
# Compile Entity "atascos"
# Compile Architecture "ATASCOS_ARCHITECTURE" of Entity "atascos"
# Compile Entity "str_detector"
# Compile Architecture "STR_DETECTOR_ARCHITECTURE" of Entity "str_detector"
# Compile Entity "raw_waw_detector"
# Compile Architecture "RAW_WAW_DETECTOR_ARCHITECTURE" of Entity "raw_waw_detector"
# Compile Entity "cpu_admin"
# Compile Architecture "cpu_admin_architecture" of Entity "cpu_admin"
# Compile Entity "reloj"
# Compile Architecture "reloj_architecture" of Entity "reloj"
# Compile Entity "registros"
# Compile Architecture "REGISTROS_ARCHITECTURE" of Entity "registros"
# Compile Entity "buses_admin"
# Compile Architecture "BUSES_ADMIN_ARCHITECTURE" of Entity "buses_admin"
# Compile Entity "memoria"
# Compile Architecture "MEMORIA_ARCHITECTURE" of Entity "memoria"
# Compile success 0 Errors 0 Warnings  Analysis time :  1.0 [s]
acom -O3 -e 100 -work tda_1819 -2002  $dsn/src/Packages/const_reloj.vhd $dsn/src/Packages/tipos_cpu.vhd $dsn/src/Packages/tipos_memoria.vhd $dsn/src/Packages/const_memoria.vhd $dsn/src/Packages/const_registros.vhd $dsn/src/Packages/const_flags.vhd $dsn/src/Packages/const_buses.vhd $dsn/src/Packages/const_cpu.vhd $dsn/src/Packages/tipos_ensamblador.vhd $dsn/src/Packages/repert_cpu.vhd $dsn/src/Packages/tipos_ascii.vhd $dsn/src/Packages/const_ascii.vhd $dsn/src/Packages/func_ensamblador.vhd $dsn/src/Packages/const_ensamblador.vhd $dsn/src/Usuario/usuario.vhd $dsn/src/Usuario/PC/pc.vhd "$dsn/src/Usuario/PC/1. Ensamblador/ensamblador.vhd" "$dsn/src/Usuario/PC/2. CPU/cpu.vhd" "$dsn/src/Usuario/PC/2. CPU/1. UI/ui.vhd" "$dsn/src/Usuario/PC/2. CPU/1. UI/1. Máquina de Estados/states_machine.vhd" "$dsn/src/Usuario/PC/2. CPU/1. UI/2. Registros FP/registros_fp.vhd" "$dsn/src/Usuario/PC/2. CPU/2. Etapas/etapas.vhd" "$dsn/src/Usuario/PC/2. CPU/2. Etapas/1. Fetch/fetch.vhd" "$dsn/src/Usuario/PC/2. CPU/2. Etapas/2. Decode/decode.vhd" "$dsn/src/Usuario/PC/2. CPU/2. Etapas/3. Execute/execute.vhd" "$dsn/src/Usuario/PC/2. CPU/2. Etapas/3. Execute/1. ALU/execute_alu.vhd" "$dsn/src/Usuario/PC/2. CPU/2. Etapas/3. Execute/2. FPU/execute_fpu.vhd" "$dsn/src/Usuario/PC/2. CPU/2. Etapas/4. Memory Access/memory_access.vhd" "$dsn/src/Usuario/PC/2. CPU/2. Etapas/5. Writeback/writeback.vhd" "$dsn/src/Usuario/PC/2. CPU/3. Pipeline_Registros/pipeline_registros.vhd" "$dsn/src/Usuario/PC/2. CPU/4. Atascos/atascos.vhd" "$dsn/src/Usuario/PC/2. CPU/4. Atascos/1. Estructurales/str_detector.vhd" "$dsn/src/Usuario/PC/2. CPU/4. Atascos/2. Datos/raw_waw_detector.vhd" "$dsn/src/Usuario/PC/2. CPU/5. CPU_Admin/cpu_admin.vhd" "$dsn/src/Usuario/PC/2. CPU/6. Reloj/reloj.vhd" "$dsn/src/Usuario/PC/2. CPU/7. Registros/registros.vhd" "$dsn/src/Usuario/PC/3. Buses_Admin/buses_admin.vhd" "$dsn/src/Usuario/PC/4. Memoria/memoria.vhd"
# Compile Package "const_reloj"
# Compile Package Body "const_reloj"
# Compile Package "tipos_cpu"
# Compile Package Body "tipos_cpu"
# Compile Package "tipos_memoria"
# Compile Package Body "tipos_memoria"
# Compile Package "const_memoria"
# Compile Package Body "const_memoria"
# Compile Package "const_registros"
# Compile Package Body "const_registros"
# Compile Package "const_flags"
# Compile Package Body "const_flags"
# Compile Package "const_buses"
# Compile Package Body "const_buses"
# Compile Package "const_cpu"
# Compile Package Body "const_cpu"
# Compile Package "tipos_ensamblador"
# Compile Package Body "tipos_ensamblador"
# Compile Package "repert_cpu"
# Compile Package Body "repert_cpu"
# Compile Package "tipos_ascii"
# Compile Package Body "tipos_ascii"
# Compile Package "const_ascii"
# Compile Package Body "const_ascii"
# Compile Package "func_ensamblador"
# Compile Package Body "func_ensamblador"
# Compile Package "const_ensamblador"
# Compile Package Body "const_ensamblador"
# Compile Entity "usuario"
# Compile Architecture "USUARIO_ARCHITECTURE" of Entity "usuario"
# Compile Entity "pc"
# Compile Architecture "PC_ARCHITECTURE" of Entity "pc"
# Compile Entity "ensamblador"
# Compile Architecture "ENSAMBLADOR_ARCHITECTURE" of Entity "ensamblador"
# Compile Entity "cpu"
# Compile Architecture "CPU_ARCHITECTURE" of Entity "cpu"
# Compile Entity "ui"
# Compile Architecture "UI_ARCHITECTURE" of Entity "ui"
# Compile Entity "states_machine"
# Compile Architecture "STATES_MACHINE_ARCHITECTURE" of Entity "states_machine"
# Compile Entity "registros_fp"
# Compile Architecture "REGISTROS_FP_ARCHITECTURE" of Entity "registros_fp"
# Compile Entity "etapas"
# Compile Architecture "ETAPAS_ARCHITECTURE" of Entity "etapas"
# Compile Entity "fetch"
# Compile Architecture "fetch_architecture" of Entity "fetch"
# Compile Entity "decode"
# Compile Architecture "decode_architecture" of Entity "decode"
# Compile Entity "execute"
# Compile Architecture "EXECUTE_ARCHITECTURE" of Entity "execute"
# Compile Entity "execute_alu"
# Compile Architecture "EXECUTE_ALU_ARCHITECTURE" of Entity "execute_alu"
# Compile Entity "execute_fpu"
# Compile Architecture "EXECUTE_FPU_ARCHITECTURE" of Entity "execute_fpu"
# Compile Entity "memory_access"
# Compile Architecture "MEMORY_ACCESS_ARCHITECTURE" of Entity "memory_access"
# Compile Entity "writeback"
# Compile Architecture "WRITEBACK_ARCHITECTURE" of Entity "writeback"
# Compile Entity "pipeline_registros"
# Compile Architecture "pipeline_registros_architecture" of Entity "pipeline_registros"
# Compile Entity "atascos"
# Compile Architecture "ATASCOS_ARCHITECTURE" of Entity "atascos"
# Compile Entity "str_detector"
# Compile Architecture "STR_DETECTOR_ARCHITECTURE" of Entity "str_detector"
# Compile Entity "raw_waw_detector"
# Compile Architecture "RAW_WAW_DETECTOR_ARCHITECTURE" of Entity "raw_waw_detector"
# Compile Entity "cpu_admin"
# Compile Architecture "cpu_admin_architecture" of Entity "cpu_admin"
# Compile Entity "reloj"
# Compile Architecture "reloj_architecture" of Entity "reloj"
# Compile Entity "registros"
# Compile Architecture "REGISTROS_ARCHITECTURE" of Entity "registros"
# Compile Entity "buses_admin"
# Compile Architecture "BUSES_ADMIN_ARCHITECTURE" of Entity "buses_admin"
# Compile Entity "memoria"
# Compile Architecture "MEMORIA_ARCHITECTURE" of Entity "memoria"
# Compile success 0 Errors 0 Warnings  Analysis time :  1.0 [s]
acom -O3 -e 100 -work tda_1819 -2002  $dsn/src/Packages/const_reloj.vhd $dsn/src/Packages/tipos_cpu.vhd $dsn/src/Packages/tipos_memoria.vhd $dsn/src/Packages/const_memoria.vhd $dsn/src/Packages/const_registros.vhd $dsn/src/Packages/const_flags.vhd $dsn/src/Packages/const_buses.vhd $dsn/src/Packages/const_cpu.vhd $dsn/src/Packages/tipos_ensamblador.vhd $dsn/src/Packages/repert_cpu.vhd $dsn/src/Packages/tipos_ascii.vhd $dsn/src/Packages/const_ascii.vhd $dsn/src/Packages/func_ensamblador.vhd $dsn/src/Packages/const_ensamblador.vhd $dsn/src/Usuario/usuario.vhd $dsn/src/Usuario/PC/pc.vhd "$dsn/src/Usuario/PC/1. Ensamblador/ensamblador.vhd" "$dsn/src/Usuario/PC/2. CPU/cpu.vhd" "$dsn/src/Usuario/PC/2. CPU/1. UI/ui.vhd" "$dsn/src/Usuario/PC/2. CPU/1. UI/1. Máquina de Estados/states_machine.vhd" "$dsn/src/Usuario/PC/2. CPU/1. UI/2. Registros FP/registros_fp.vhd" "$dsn/src/Usuario/PC/2. CPU/2. Etapas/etapas.vhd" "$dsn/src/Usuario/PC/2. CPU/2. Etapas/1. Fetch/fetch.vhd" "$dsn/src/Usuario/PC/2. CPU/2. Etapas/2. Decode/decode.vhd" "$dsn/src/Usuario/PC/2. CPU/2. Etapas/3. Execute/execute.vhd" "$dsn/src/Usuario/PC/2. CPU/2. Etapas/3. Execute/1. ALU/execute_alu.vhd" "$dsn/src/Usuario/PC/2. CPU/2. Etapas/3. Execute/2. FPU/execute_fpu.vhd" "$dsn/src/Usuario/PC/2. CPU/2. Etapas/4. Memory Access/memory_access.vhd" "$dsn/src/Usuario/PC/2. CPU/2. Etapas/5. Writeback/writeback.vhd" "$dsn/src/Usuario/PC/2. CPU/3. Pipeline_Registros/pipeline_registros.vhd" "$dsn/src/Usuario/PC/2. CPU/4. Atascos/atascos.vhd" "$dsn/src/Usuario/PC/2. CPU/4. Atascos/1. Estructurales/str_detector.vhd" "$dsn/src/Usuario/PC/2. CPU/4. Atascos/2. Datos/raw_waw_detector.vhd" "$dsn/src/Usuario/PC/2. CPU/5. CPU_Admin/cpu_admin.vhd" "$dsn/src/Usuario/PC/2. CPU/6. Reloj/reloj.vhd" "$dsn/src/Usuario/PC/2. CPU/7. Registros/registros.vhd" "$dsn/src/Usuario/PC/3. Buses_Admin/buses_admin.vhd" "$dsn/src/Usuario/PC/4. Memoria/memoria.vhd"
# Compile Package "const_reloj"
# Compile Package Body "const_reloj"
# Compile Package "tipos_cpu"
# Compile Package Body "tipos_cpu"
# Compile Package "tipos_memoria"
# Compile Package Body "tipos_memoria"
# Compile Package "const_memoria"
# Compile Package Body "const_memoria"
# Compile Package "const_registros"
# Compile Package Body "const_registros"
# Compile Package "const_flags"
# Compile Package Body "const_flags"
# Compile Package "const_buses"
# Compile Package Body "const_buses"
# Compile Package "const_cpu"
# Compile Package Body "const_cpu"
# Compile Package "tipos_ensamblador"
# Compile Package Body "tipos_ensamblador"
# Compile Package "repert_cpu"
# Compile Package Body "repert_cpu"
# Compile Package "tipos_ascii"
# Compile Package Body "tipos_ascii"
# Compile Package "const_ascii"
# Compile Package Body "const_ascii"
# Compile Package "func_ensamblador"
# Compile Package Body "func_ensamblador"
# Compile Package "const_ensamblador"
# Compile Package Body "const_ensamblador"
# Compile Entity "usuario"
# Compile Architecture "USUARIO_ARCHITECTURE" of Entity "usuario"
# Compile Entity "pc"
# Compile Architecture "PC_ARCHITECTURE" of Entity "pc"
# Compile Entity "ensamblador"
# Compile Architecture "ENSAMBLADOR_ARCHITECTURE" of Entity "ensamblador"
# Error: COMP96_0078: Usuario/PC/1. Ensamblador/ensamblador.vhd : (227, 27): Unknown identifier "ASCII".
# Error: COMP96_0133: Usuario/PC/1. Ensamblador/ensamblador.vhd : (227, 27): Cannot find object declaration.
# Error: COMP96_0077: Usuario/PC/1. Ensamblador/ensamblador.vhd : (227, 8): Undefined type of expression. Expected type 'BOOLEAN'.
# Compile Entity "cpu"
# Compile Architecture "CPU_ARCHITECTURE" of Entity "cpu"
# Compile Entity "ui"
# Compile Architecture "UI_ARCHITECTURE" of Entity "ui"
# Compile Entity "states_machine"
# Compile Architecture "STATES_MACHINE_ARCHITECTURE" of Entity "states_machine"
# Compile Entity "registros_fp"
# Compile Architecture "REGISTROS_FP_ARCHITECTURE" of Entity "registros_fp"
# Compile Entity "etapas"
# Compile Architecture "ETAPAS_ARCHITECTURE" of Entity "etapas"
# Compile Entity "fetch"
# Compile Architecture "fetch_architecture" of Entity "fetch"
# Compile Entity "decode"
# Compile Architecture "decode_architecture" of Entity "decode"
# Compile Entity "execute"
# Compile Architecture "EXECUTE_ARCHITECTURE" of Entity "execute"
# Compile Entity "execute_alu"
# Compile Architecture "EXECUTE_ALU_ARCHITECTURE" of Entity "execute_alu"
# Compile Entity "execute_fpu"
# Compile Architecture "EXECUTE_FPU_ARCHITECTURE" of Entity "execute_fpu"
# Compile Entity "memory_access"
# Compile Architecture "MEMORY_ACCESS_ARCHITECTURE" of Entity "memory_access"
# Compile Entity "writeback"
# Compile Architecture "WRITEBACK_ARCHITECTURE" of Entity "writeback"
# Compile Entity "pipeline_registros"
# Compile Architecture "pipeline_registros_architecture" of Entity "pipeline_registros"
# Compile Entity "atascos"
# Compile Architecture "ATASCOS_ARCHITECTURE" of Entity "atascos"
# Compile Entity "str_detector"
# Compile Architecture "STR_DETECTOR_ARCHITECTURE" of Entity "str_detector"
# Compile Entity "raw_waw_detector"
# Compile Architecture "RAW_WAW_DETECTOR_ARCHITECTURE" of Entity "raw_waw_detector"
# Compile Entity "cpu_admin"
# Compile Architecture "cpu_admin_architecture" of Entity "cpu_admin"
# Compile Entity "reloj"
# Compile Architecture "reloj_architecture" of Entity "reloj"
# Compile Entity "registros"
# Compile Architecture "REGISTROS_ARCHITECTURE" of Entity "registros"
# Compile Entity "buses_admin"
# Compile Architecture "BUSES_ADMIN_ARCHITECTURE" of Entity "buses_admin"
# Compile Entity "memoria"
# Compile Architecture "MEMORIA_ARCHITECTURE" of Entity "memoria"
# Compile failure 3 Errors 0 Warnings  Analysis time :  1.0 [s]
acom -O3 -e 100 -work tda_1819 -2002  $dsn/src/Packages/const_reloj.vhd $dsn/src/Packages/tipos_cpu.vhd $dsn/src/Packages/tipos_memoria.vhd $dsn/src/Packages/const_memoria.vhd $dsn/src/Packages/const_registros.vhd $dsn/src/Packages/const_flags.vhd $dsn/src/Packages/const_buses.vhd $dsn/src/Packages/const_cpu.vhd $dsn/src/Packages/tipos_ensamblador.vhd $dsn/src/Packages/repert_cpu.vhd $dsn/src/Packages/tipos_ascii.vhd $dsn/src/Packages/const_ascii.vhd $dsn/src/Packages/func_ensamblador.vhd $dsn/src/Packages/const_ensamblador.vhd $dsn/src/Usuario/usuario.vhd $dsn/src/Usuario/PC/pc.vhd "$dsn/src/Usuario/PC/1. Ensamblador/ensamblador.vhd" "$dsn/src/Usuario/PC/2. CPU/cpu.vhd" "$dsn/src/Usuario/PC/2. CPU/1. UI/ui.vhd" "$dsn/src/Usuario/PC/2. CPU/1. UI/1. Máquina de Estados/states_machine.vhd" "$dsn/src/Usuario/PC/2. CPU/1. UI/2. Registros FP/registros_fp.vhd" "$dsn/src/Usuario/PC/2. CPU/2. Etapas/etapas.vhd" "$dsn/src/Usuario/PC/2. CPU/2. Etapas/1. Fetch/fetch.vhd" "$dsn/src/Usuario/PC/2. CPU/2. Etapas/2. Decode/decode.vhd" "$dsn/src/Usuario/PC/2. CPU/2. Etapas/3. Execute/execute.vhd" "$dsn/src/Usuario/PC/2. CPU/2. Etapas/3. Execute/1. ALU/execute_alu.vhd" "$dsn/src/Usuario/PC/2. CPU/2. Etapas/3. Execute/2. FPU/execute_fpu.vhd" "$dsn/src/Usuario/PC/2. CPU/2. Etapas/4. Memory Access/memory_access.vhd" "$dsn/src/Usuario/PC/2. CPU/2. Etapas/5. Writeback/writeback.vhd" "$dsn/src/Usuario/PC/2. CPU/3. Pipeline_Registros/pipeline_registros.vhd" "$dsn/src/Usuario/PC/2. CPU/4. Atascos/atascos.vhd" "$dsn/src/Usuario/PC/2. CPU/4. Atascos/1. Estructurales/str_detector.vhd" "$dsn/src/Usuario/PC/2. CPU/4. Atascos/2. Datos/raw_waw_detector.vhd" "$dsn/src/Usuario/PC/2. CPU/5. CPU_Admin/cpu_admin.vhd" "$dsn/src/Usuario/PC/2. CPU/6. Reloj/reloj.vhd" "$dsn/src/Usuario/PC/2. CPU/7. Registros/registros.vhd" "$dsn/src/Usuario/PC/3. Buses_Admin/buses_admin.vhd" "$dsn/src/Usuario/PC/4. Memoria/memoria.vhd"
# Compile Package "const_reloj"
# Compile Package Body "const_reloj"
# Compile Package "tipos_cpu"
# Compile Package Body "tipos_cpu"
# Compile Package "tipos_memoria"
# Compile Package Body "tipos_memoria"
# Compile Package "const_memoria"
# Compile Package Body "const_memoria"
# Compile Package "const_registros"
# Compile Package Body "const_registros"
# Compile Package "const_flags"
# Compile Package Body "const_flags"
# Compile Package "const_buses"
# Compile Package Body "const_buses"
# Compile Package "const_cpu"
# Compile Package Body "const_cpu"
# Compile Package "tipos_ensamblador"
# Compile Package Body "tipos_ensamblador"
# Compile Package "repert_cpu"
# Compile Package Body "repert_cpu"
# Compile Package "tipos_ascii"
# Compile Package Body "tipos_ascii"
# Compile Package "const_ascii"
# Compile Package Body "const_ascii"
# Compile Package "func_ensamblador"
# Compile Package Body "func_ensamblador"
# Compile Package "const_ensamblador"
# Compile Package Body "const_ensamblador"
# Compile Entity "usuario"
# Compile Architecture "USUARIO_ARCHITECTURE" of Entity "usuario"
# Compile Entity "pc"
# Compile Architecture "PC_ARCHITECTURE" of Entity "pc"
# Compile Entity "ensamblador"
# Compile Architecture "ENSAMBLADOR_ARCHITECTURE" of Entity "ensamblador"
# Compile Entity "cpu"
# Compile Architecture "CPU_ARCHITECTURE" of Entity "cpu"
# Compile Entity "ui"
# Compile Architecture "UI_ARCHITECTURE" of Entity "ui"
# Compile Entity "states_machine"
# Compile Architecture "STATES_MACHINE_ARCHITECTURE" of Entity "states_machine"
# Compile Entity "registros_fp"
# Compile Architecture "REGISTROS_FP_ARCHITECTURE" of Entity "registros_fp"
# Compile Entity "etapas"
# Compile Architecture "ETAPAS_ARCHITECTURE" of Entity "etapas"
# Compile Entity "fetch"
# Compile Architecture "fetch_architecture" of Entity "fetch"
# Compile Entity "decode"
# Compile Architecture "decode_architecture" of Entity "decode"
# Compile Entity "execute"
# Compile Architecture "EXECUTE_ARCHITECTURE" of Entity "execute"
# Compile Entity "execute_alu"
# Compile Architecture "EXECUTE_ALU_ARCHITECTURE" of Entity "execute_alu"
# Compile Entity "execute_fpu"
# Compile Architecture "EXECUTE_FPU_ARCHITECTURE" of Entity "execute_fpu"
# Compile Entity "memory_access"
# Compile Architecture "MEMORY_ACCESS_ARCHITECTURE" of Entity "memory_access"
# Compile Entity "writeback"
# Compile Architecture "WRITEBACK_ARCHITECTURE" of Entity "writeback"
# Compile Entity "pipeline_registros"
# Compile Architecture "pipeline_registros_architecture" of Entity "pipeline_registros"
# Compile Entity "atascos"
# Compile Architecture "ATASCOS_ARCHITECTURE" of Entity "atascos"
# Compile Entity "str_detector"
# Compile Architecture "STR_DETECTOR_ARCHITECTURE" of Entity "str_detector"
# Compile Entity "raw_waw_detector"
# Compile Architecture "RAW_WAW_DETECTOR_ARCHITECTURE" of Entity "raw_waw_detector"
# Compile Entity "cpu_admin"
# Compile Architecture "cpu_admin_architecture" of Entity "cpu_admin"
# Compile Entity "reloj"
# Compile Architecture "reloj_architecture" of Entity "reloj"
# Compile Entity "registros"
# Compile Architecture "REGISTROS_ARCHITECTURE" of Entity "registros"
# Compile Entity "buses_admin"
# Compile Architecture "BUSES_ADMIN_ARCHITECTURE" of Entity "buses_admin"
# Compile Entity "memoria"
# Compile Architecture "MEMORIA_ARCHITECTURE" of Entity "memoria"
# Compile success 0 Errors 0 Warnings  Analysis time :  1.0 [s]
# add wave -noreg {/usuario/DoneCompUser}
# add wave -noreg {/usuario/DoneCpuUser}
# add wave -noreg {/usuario/ReadyUser}
# KERNEL: Warning: KERNEL_0291 Object "/usuario/DoneCompUser" has already been traced.
# KERNEL: Warning: KERNEL_0291 Object "/usuario/DoneCpuUser" has already been traced.
# KERNEL: Warning: KERNEL_0291 Object "/usuario/ReadyUser" has already been traced.
# VSIM: 0 object(s) traced.
# Waveform file 'untitled.awc' connected to 'D:/WindowsStuff/IngenieriaenComputacion/TercerAño/2doSemestre/TallerDeArquitectura/Repositorio/ProcesadorTDA1819/TDA_1819/TDA_1819/src/wave.asdb'.
# add wave -noreg {/usuario/UUT/UUT2/UUT7/SP}
# KERNEL: Warning: KERNEL_0291 Object "/usuario/UUT/UUT2/UUT7/SP" has already been traced.
# VSIM: 0 object(s) traced.
# add wave -noreg {/usuario/UUT/UUT2/UUT7/R1}
# KERNEL: Warning: KERNEL_0291 Object "/usuario/UUT/UUT2/UUT7/R1" has already been traced.
# VSIM: 0 object(s) traced.
# add wave -noreg {/usuario/UUT/UUT2/UUT7/R2}
# KERNEL: Warning: KERNEL_0291 Object "/usuario/UUT/UUT2/UUT7/R2" has already been traced.
# VSIM: 0 object(s) traced.
# add wave -noreg {/usuario/UUT/UUT4/Stack_Memory(32767)}
# VSIM: 1 object(s) traced.
# add wave -noreg {/usuario/UUT/UUT4/Stack_Memory(32766)}
# VSIM: 1 object(s) traced.
# add wave -noreg {/usuario/UUT/UUT4/Stack_Memory(32765)}
# VSIM: 1 object(s) traced.
# add wave -noreg {/usuario/UUT/UUT4/Stack_Memory(32764)}
# VSIM: 1 object(s) traced.
run
# KERNEL: Simulation has finished. There are no more test vectors to simulate.
run
# KERNEL: Simulation has finished. There are no more test vectors to simulate.
endsim
# VSIM: Simulation has finished.
asim -t ns -O5 +access +r +m+usuario usuario usuario_architecture
# ELBREAD: Elaboration process.
# ELBREAD: Elaboration time 0.0 [s].
# VSIM: Stack memory: 32MB
# VSIM: Retval memory: 32MB
# 
# KERNEL: Main thread initiated.
# KERNEL: Kernel process initialization phase.
# ELAB2: Elaboration final pass...
# ELAB2: Create instances ...
# KERNEL: Time resolution set to 1ns.
# ELAB2: Create instances complete.
# SLP: Started
# SLP: Elaboration phase ...
# SLP: Elaboration phase ... skipped, nothing to simulate in SLP mode : 0.0 [s]
# SLP: Finished : 0.0 [s]
# ELAB2: Elaboration final pass complete - time: 0.2 [s].
# KERNEL: Warning: You are using the Active-HDL Student Edition. The performance of simulation is running at a reduced rate.
# KERNEL: Warning: Contact Aldec for available upgrade options - sales@aldec.com.
# KERNEL: Kernel process initialization done.
# Allocation: Simulator allocated 57056 kB (elbread=427 elab2=56479 kernel=149 sdf=0)
# KERNEL: ASDB file was created in location D:\WindowsStuff\IngenieriaenComputacion\TercerAño\2doSemestre\TallerDeArquitectura\Repositorio\ProcesadorTDA1819\TDA_1819\TDA_1819\src\wave.asdb
#  5:48 PM, Monday, November 17, 2025
#  Simulation has been initialized
# Waveform file 'untitled.awc' connected to 'D:/WindowsStuff/IngenieriaenComputacion/TercerAño/2doSemestre/TallerDeArquitectura/Repositorio/ProcesadorTDA1819/TDA_1819/TDA_1819/src/wave.asdb'.
run
# RUNTIME: Fatal Error: RUNTIME_0047 ensamblador.vhd (224): Index 101 out of range (1 to 100).
# KERNEL: Time: 27 ns,  Iteration: 0,  Instance: /usuario/UUT/UUT1,  Process: Main.
# KERNEL: Stopped at time 27 ns + 0.
# VSIM: Error: Fatal error occurred during simulation.
endsim
# VSIM: Simulation has finished.
asim -t ns -O5 +access +r +m+usuario usuario usuario_architecture
# ELBREAD: Elaboration process.
# ELBREAD: Elaboration time 0.0 [s].
# VSIM: Stack memory: 32MB
# VSIM: Retval memory: 32MB
# 
# KERNEL: Main thread initiated.
# KERNEL: Kernel process initialization phase.
# ELAB2: Elaboration final pass...
# ELAB2: Create instances ...
# KERNEL: Time resolution set to 1ns.
# ELAB2: Create instances complete.
# SLP: Started
# SLP: Elaboration phase ...
# SLP: Elaboration phase ... skipped, nothing to simulate in SLP mode : 0.0 [s]
# SLP: Finished : 0.0 [s]
# ELAB2: Elaboration final pass complete - time: 0.1 [s].
# KERNEL: Warning: You are using the Active-HDL Student Edition. The performance of simulation is running at a reduced rate.
# KERNEL: Warning: Contact Aldec for available upgrade options - sales@aldec.com.
# KERNEL: Kernel process initialization done.
# Allocation: Simulator allocated 57056 kB (elbread=427 elab2=56479 kernel=149 sdf=0)
# KERNEL: ASDB file was created in location D:\WindowsStuff\IngenieriaenComputacion\TercerAño\2doSemestre\TallerDeArquitectura\Repositorio\ProcesadorTDA1819\TDA_1819\TDA_1819\src\wave.asdb
#  5:48 PM, Monday, November 17, 2025
#  Simulation has been initialized
# Waveform file 'untitled.awc' connected to 'D:/WindowsStuff/IngenieriaenComputacion/TercerAño/2doSemestre/TallerDeArquitectura/Repositorio/ProcesadorTDA1819/TDA_1819/TDA_1819/src/wave.asdb'.
run
# RUNTIME: Fatal Error: RUNTIME_0047 ensamblador.vhd (224): Index 101 out of range (1 to 100).
# KERNEL: Time: 27 ns,  Iteration: 0,  Instance: /usuario/UUT/UUT1,  Process: Main.
# KERNEL: Stopped at time 27 ns + 0.
# VSIM: Error: Fatal error occurred during simulation.
acom -O3 -e 100 -work tda_1819 -2002  $dsn/src/Packages/const_reloj.vhd $dsn/src/Packages/tipos_cpu.vhd $dsn/src/Packages/tipos_memoria.vhd $dsn/src/Packages/const_memoria.vhd $dsn/src/Packages/const_registros.vhd $dsn/src/Packages/const_flags.vhd $dsn/src/Packages/const_buses.vhd $dsn/src/Packages/const_cpu.vhd $dsn/src/Packages/tipos_ensamblador.vhd $dsn/src/Packages/repert_cpu.vhd $dsn/src/Packages/tipos_ascii.vhd $dsn/src/Packages/const_ascii.vhd $dsn/src/Packages/func_ensamblador.vhd $dsn/src/Packages/const_ensamblador.vhd $dsn/src/Usuario/usuario.vhd $dsn/src/Usuario/PC/pc.vhd "$dsn/src/Usuario/PC/1. Ensamblador/ensamblador.vhd" "$dsn/src/Usuario/PC/2. CPU/cpu.vhd" "$dsn/src/Usuario/PC/2. CPU/1. UI/ui.vhd" "$dsn/src/Usuario/PC/2. CPU/1. UI/1. Máquina de Estados/states_machine.vhd" "$dsn/src/Usuario/PC/2. CPU/1. UI/2. Registros FP/registros_fp.vhd" "$dsn/src/Usuario/PC/2. CPU/2. Etapas/etapas.vhd" "$dsn/src/Usuario/PC/2. CPU/2. Etapas/1. Fetch/fetch.vhd" "$dsn/src/Usuario/PC/2. CPU/2. Etapas/2. Decode/decode.vhd" "$dsn/src/Usuario/PC/2. CPU/2. Etapas/3. Execute/execute.vhd" "$dsn/src/Usuario/PC/2. CPU/2. Etapas/3. Execute/1. ALU/execute_alu.vhd" "$dsn/src/Usuario/PC/2. CPU/2. Etapas/3. Execute/2. FPU/execute_fpu.vhd" "$dsn/src/Usuario/PC/2. CPU/2. Etapas/4. Memory Access/memory_access.vhd" "$dsn/src/Usuario/PC/2. CPU/2. Etapas/5. Writeback/writeback.vhd" "$dsn/src/Usuario/PC/2. CPU/3. Pipeline_Registros/pipeline_registros.vhd" "$dsn/src/Usuario/PC/2. CPU/4. Atascos/atascos.vhd" "$dsn/src/Usuario/PC/2. CPU/4. Atascos/1. Estructurales/str_detector.vhd" "$dsn/src/Usuario/PC/2. CPU/4. Atascos/2. Datos/raw_waw_detector.vhd" "$dsn/src/Usuario/PC/2. CPU/5. CPU_Admin/cpu_admin.vhd" "$dsn/src/Usuario/PC/2. CPU/6. Reloj/reloj.vhd" "$dsn/src/Usuario/PC/2. CPU/7. Registros/registros.vhd" "$dsn/src/Usuario/PC/3. Buses_Admin/buses_admin.vhd" "$dsn/src/Usuario/PC/4. Memoria/memoria.vhd"
# Compile Package "const_reloj"
# Compile Package Body "const_reloj"
# Compile Package "tipos_cpu"
# Compile Package Body "tipos_cpu"
# Compile Package "tipos_memoria"
# Compile Package Body "tipos_memoria"
# Compile Package "const_memoria"
# Compile Package Body "const_memoria"
# Compile Package "const_registros"
# Compile Package Body "const_registros"
# Compile Package "const_flags"
# Compile Package Body "const_flags"
# Compile Package "const_buses"
# Compile Package Body "const_buses"
# Compile Package "const_cpu"
# Compile Package Body "const_cpu"
# Compile Package "tipos_ensamblador"
# Compile Package Body "tipos_ensamblador"
# Compile Package "repert_cpu"
# Compile Package Body "repert_cpu"
# Compile Package "tipos_ascii"
# Compile Package Body "tipos_ascii"
# Compile Package "const_ascii"
# Compile Package Body "const_ascii"
# Compile Package "func_ensamblador"
# Compile Package Body "func_ensamblador"
# Compile Package "const_ensamblador"
# Compile Package Body "const_ensamblador"
# Compile Entity "usuario"
# Compile Architecture "USUARIO_ARCHITECTURE" of Entity "usuario"
# Compile Entity "pc"
# Compile Architecture "PC_ARCHITECTURE" of Entity "pc"
# Compile Entity "ensamblador"
# Compile Architecture "ENSAMBLADOR_ARCHITECTURE" of Entity "ensamblador"
# Error: COMP96_0078: Usuario/PC/1. Ensamblador/ensamblador.vhd : (2351, 12): Unknown identifier "checkInstSk".
# Error: COMP96_0066: Usuario/PC/1. Ensamblador/ensamblador.vhd : (2351, 12): Cannot find "checkInstSk" procedure declaration.
# Compile Entity "cpu"
# Compile Architecture "CPU_ARCHITECTURE" of Entity "cpu"
# Compile Entity "ui"
# Compile Architecture "UI_ARCHITECTURE" of Entity "ui"
# Compile Entity "states_machine"
# Compile Architecture "STATES_MACHINE_ARCHITECTURE" of Entity "states_machine"
# Compile Entity "registros_fp"
# Compile Architecture "REGISTROS_FP_ARCHITECTURE" of Entity "registros_fp"
# Compile Entity "etapas"
# Compile Architecture "ETAPAS_ARCHITECTURE" of Entity "etapas"
# Compile Entity "fetch"
# Compile Architecture "fetch_architecture" of Entity "fetch"
# Compile Entity "decode"
# Compile Architecture "decode_architecture" of Entity "decode"
# Compile Entity "execute"
# Compile Architecture "EXECUTE_ARCHITECTURE" of Entity "execute"
# Compile Entity "execute_alu"
# Compile Architecture "EXECUTE_ALU_ARCHITECTURE" of Entity "execute_alu"
# Compile Entity "execute_fpu"
# Compile Architecture "EXECUTE_FPU_ARCHITECTURE" of Entity "execute_fpu"
# Compile Entity "memory_access"
# Compile Architecture "MEMORY_ACCESS_ARCHITECTURE" of Entity "memory_access"
# Compile Entity "writeback"
# Compile Architecture "WRITEBACK_ARCHITECTURE" of Entity "writeback"
# Compile Entity "pipeline_registros"
# Compile Architecture "pipeline_registros_architecture" of Entity "pipeline_registros"
# Compile Entity "atascos"
# Compile Architecture "ATASCOS_ARCHITECTURE" of Entity "atascos"
# Compile Entity "str_detector"
# Compile Architecture "STR_DETECTOR_ARCHITECTURE" of Entity "str_detector"
# Compile Entity "raw_waw_detector"
# Compile Architecture "RAW_WAW_DETECTOR_ARCHITECTURE" of Entity "raw_waw_detector"
# Compile Entity "cpu_admin"
# Compile Architecture "cpu_admin_architecture" of Entity "cpu_admin"
# Compile Entity "reloj"
# Compile Architecture "reloj_architecture" of Entity "reloj"
# Compile Entity "registros"
# Compile Architecture "REGISTROS_ARCHITECTURE" of Entity "registros"
# Compile Entity "buses_admin"
# Compile Architecture "BUSES_ADMIN_ARCHITECTURE" of Entity "buses_admin"
# Compile Entity "memoria"
# Compile Architecture "MEMORIA_ARCHITECTURE" of Entity "memoria"
# Compile failure 2 Errors 0 Warnings  Analysis time :  0.9 [s]
acom -O3 -e 100 -work tda_1819 -2002  $dsn/src/Packages/const_reloj.vhd $dsn/src/Packages/tipos_cpu.vhd $dsn/src/Packages/tipos_memoria.vhd $dsn/src/Packages/const_memoria.vhd $dsn/src/Packages/const_registros.vhd $dsn/src/Packages/const_flags.vhd $dsn/src/Packages/const_buses.vhd $dsn/src/Packages/const_cpu.vhd $dsn/src/Packages/tipos_ensamblador.vhd $dsn/src/Packages/repert_cpu.vhd $dsn/src/Packages/tipos_ascii.vhd $dsn/src/Packages/const_ascii.vhd $dsn/src/Packages/func_ensamblador.vhd $dsn/src/Packages/const_ensamblador.vhd $dsn/src/Usuario/usuario.vhd $dsn/src/Usuario/PC/pc.vhd "$dsn/src/Usuario/PC/1. Ensamblador/ensamblador.vhd" "$dsn/src/Usuario/PC/2. CPU/cpu.vhd" "$dsn/src/Usuario/PC/2. CPU/1. UI/ui.vhd" "$dsn/src/Usuario/PC/2. CPU/1. UI/1. Máquina de Estados/states_machine.vhd" "$dsn/src/Usuario/PC/2. CPU/1. UI/2. Registros FP/registros_fp.vhd" "$dsn/src/Usuario/PC/2. CPU/2. Etapas/etapas.vhd" "$dsn/src/Usuario/PC/2. CPU/2. Etapas/1. Fetch/fetch.vhd" "$dsn/src/Usuario/PC/2. CPU/2. Etapas/2. Decode/decode.vhd" "$dsn/src/Usuario/PC/2. CPU/2. Etapas/3. Execute/execute.vhd" "$dsn/src/Usuario/PC/2. CPU/2. Etapas/3. Execute/1. ALU/execute_alu.vhd" "$dsn/src/Usuario/PC/2. CPU/2. Etapas/3. Execute/2. FPU/execute_fpu.vhd" "$dsn/src/Usuario/PC/2. CPU/2. Etapas/4. Memory Access/memory_access.vhd" "$dsn/src/Usuario/PC/2. CPU/2. Etapas/5. Writeback/writeback.vhd" "$dsn/src/Usuario/PC/2. CPU/3. Pipeline_Registros/pipeline_registros.vhd" "$dsn/src/Usuario/PC/2. CPU/4. Atascos/atascos.vhd" "$dsn/src/Usuario/PC/2. CPU/4. Atascos/1. Estructurales/str_detector.vhd" "$dsn/src/Usuario/PC/2. CPU/4. Atascos/2. Datos/raw_waw_detector.vhd" "$dsn/src/Usuario/PC/2. CPU/5. CPU_Admin/cpu_admin.vhd" "$dsn/src/Usuario/PC/2. CPU/6. Reloj/reloj.vhd" "$dsn/src/Usuario/PC/2. CPU/7. Registros/registros.vhd" "$dsn/src/Usuario/PC/3. Buses_Admin/buses_admin.vhd" "$dsn/src/Usuario/PC/4. Memoria/memoria.vhd"
# Compile Package "const_reloj"
# Compile Package Body "const_reloj"
# Compile Package "tipos_cpu"
# Compile Package Body "tipos_cpu"
# Compile Package "tipos_memoria"
# Compile Package Body "tipos_memoria"
# Compile Package "const_memoria"
# Compile Package Body "const_memoria"
# Compile Package "const_registros"
# Compile Package Body "const_registros"
# Compile Package "const_flags"
# Compile Package Body "const_flags"
# Compile Package "const_buses"
# Compile Package Body "const_buses"
# Compile Package "const_cpu"
# Compile Package Body "const_cpu"
# Compile Package "tipos_ensamblador"
# Compile Package Body "tipos_ensamblador"
# Compile Package "repert_cpu"
# Compile Package Body "repert_cpu"
# Compile Package "tipos_ascii"
# Compile Package Body "tipos_ascii"
# Compile Package "const_ascii"
# Compile Package Body "const_ascii"
# Compile Package "func_ensamblador"
# Compile Package Body "func_ensamblador"
# Compile Package "const_ensamblador"
# Compile Package Body "const_ensamblador"
# Compile Entity "usuario"
# Compile Architecture "USUARIO_ARCHITECTURE" of Entity "usuario"
# Compile Entity "pc"
# Compile Architecture "PC_ARCHITECTURE" of Entity "pc"
# Compile Entity "ensamblador"
# Compile Architecture "ENSAMBLADOR_ARCHITECTURE" of Entity "ensamblador"
# Compile Entity "cpu"
# Compile Architecture "CPU_ARCHITECTURE" of Entity "cpu"
# Compile Entity "ui"
# Compile Architecture "UI_ARCHITECTURE" of Entity "ui"
# Compile Entity "states_machine"
# Compile Architecture "STATES_MACHINE_ARCHITECTURE" of Entity "states_machine"
# Compile Entity "registros_fp"
# Compile Architecture "REGISTROS_FP_ARCHITECTURE" of Entity "registros_fp"
# Compile Entity "etapas"
# Compile Architecture "ETAPAS_ARCHITECTURE" of Entity "etapas"
# Compile Entity "fetch"
# Compile Architecture "fetch_architecture" of Entity "fetch"
# Compile Entity "decode"
# Compile Architecture "decode_architecture" of Entity "decode"
# Compile Entity "execute"
# Compile Architecture "EXECUTE_ARCHITECTURE" of Entity "execute"
# Compile Entity "execute_alu"
# Compile Architecture "EXECUTE_ALU_ARCHITECTURE" of Entity "execute_alu"
# Compile Entity "execute_fpu"
# Compile Architecture "EXECUTE_FPU_ARCHITECTURE" of Entity "execute_fpu"
# Compile Entity "memory_access"
# Compile Architecture "MEMORY_ACCESS_ARCHITECTURE" of Entity "memory_access"
# Compile Entity "writeback"
# Compile Architecture "WRITEBACK_ARCHITECTURE" of Entity "writeback"
# Compile Entity "pipeline_registros"
# Compile Architecture "pipeline_registros_architecture" of Entity "pipeline_registros"
# Compile Entity "atascos"
# Compile Architecture "ATASCOS_ARCHITECTURE" of Entity "atascos"
# Compile Entity "str_detector"
# Compile Architecture "STR_DETECTOR_ARCHITECTURE" of Entity "str_detector"
# Compile Entity "raw_waw_detector"
# Compile Architecture "RAW_WAW_DETECTOR_ARCHITECTURE" of Entity "raw_waw_detector"
# Compile Entity "cpu_admin"
# Compile Architecture "cpu_admin_architecture" of Entity "cpu_admin"
# Compile Entity "reloj"
# Compile Architecture "reloj_architecture" of Entity "reloj"
# Compile Entity "registros"
# Compile Architecture "REGISTROS_ARCHITECTURE" of Entity "registros"
# Compile Entity "buses_admin"
# Compile Architecture "BUSES_ADMIN_ARCHITECTURE" of Entity "buses_admin"
# Compile Entity "memoria"
# Compile Architecture "MEMORIA_ARCHITECTURE" of Entity "memoria"
# Compile success 0 Errors 0 Warnings  Analysis time :  1.0 [s]
# add wave -noreg {/usuario/DoneCompUser}
# add wave -noreg {/usuario/DoneCpuUser}
# add wave -noreg {/usuario/ReadyUser}
# KERNEL: Warning: KERNEL_0291 Object "/usuario/DoneCompUser" has already been traced.
# KERNEL: Warning: KERNEL_0291 Object "/usuario/DoneCpuUser" has already been traced.
# KERNEL: Warning: KERNEL_0291 Object "/usuario/ReadyUser" has already been traced.
# VSIM: 0 object(s) traced.
# Waveform file 'untitled.awc' connected to 'D:/WindowsStuff/IngenieriaenComputacion/TercerAño/2doSemestre/TallerDeArquitectura/Repositorio/ProcesadorTDA1819/TDA_1819/TDA_1819/src/wave.asdb'.
# add wave -noreg {/usuario/UUT/UUT2/UUT7/SP}
# KERNEL: Warning: KERNEL_0291 Object "/usuario/UUT/UUT2/UUT7/SP" has already been traced.
# VSIM: 0 object(s) traced.
run
endsim
# VSIM: Simulation has finished.
asim -t ns -O5 +access +r +m+usuario usuario usuario_architecture
# ELBREAD: Elaboration process.
# ELBREAD: Elaboration time 0.0 [s].
# VSIM: Stack memory: 32MB
# VSIM: Retval memory: 32MB
# 
# KERNEL: Main thread initiated.
# KERNEL: Kernel process initialization phase.
# ELAB2: Elaboration final pass...
# ELAB2: Create instances ...
# KERNEL: Time resolution set to 1ns.
# ELAB2: Create instances complete.
# SLP: Started
# SLP: Elaboration phase ...
# SLP: Elaboration phase ... skipped, nothing to simulate in SLP mode : 0.0 [s]
# SLP: Finished : 0.0 [s]
# ELAB2: Elaboration final pass complete - time: 0.1 [s].
# KERNEL: Warning: You are using the Active-HDL Student Edition. The performance of simulation is running at a reduced rate.
# KERNEL: Warning: Contact Aldec for available upgrade options - sales@aldec.com.
# KERNEL: Kernel process initialization done.
# Allocation: Simulator allocated 57055 kB (elbread=427 elab2=56479 kernel=149 sdf=0)
# KERNEL: ASDB file was created in location D:\WindowsStuff\IngenieriaenComputacion\TercerAño\2doSemestre\TallerDeArquitectura\Repositorio\ProcesadorTDA1819\TDA_1819\TDA_1819\src\wave.asdb
#  5:52 PM, Monday, November 17, 2025
#  Simulation has been initialized
# Waveform file 'untitled.awc' connected to 'D:/WindowsStuff/IngenieriaenComputacion/TercerAño/2doSemestre/TallerDeArquitectura/Repositorio/ProcesadorTDA1819/TDA_1819/TDA_1819/src/wave.asdb'.
run
# RUNTIME: Fatal Error: RUNTIME_0047 ensamblador.vhd (218): Index 101 out of range (1 to 100).
# KERNEL: Time: 27 ns,  Iteration: 0,  Instance: /usuario/UUT/UUT1,  Process: Main.
# KERNEL: Stopped at time 27 ns + 0.
# VSIM: Error: Fatal error occurred during simulation.
acom -O3 -e 100 -work tda_1819 -2002  $dsn/src/Packages/const_reloj.vhd $dsn/src/Packages/tipos_cpu.vhd $dsn/src/Packages/tipos_memoria.vhd $dsn/src/Packages/const_memoria.vhd $dsn/src/Packages/const_registros.vhd $dsn/src/Packages/const_flags.vhd $dsn/src/Packages/const_buses.vhd $dsn/src/Packages/const_cpu.vhd $dsn/src/Packages/tipos_ensamblador.vhd $dsn/src/Packages/repert_cpu.vhd $dsn/src/Packages/tipos_ascii.vhd $dsn/src/Packages/const_ascii.vhd $dsn/src/Packages/func_ensamblador.vhd $dsn/src/Packages/const_ensamblador.vhd $dsn/src/Usuario/usuario.vhd $dsn/src/Usuario/PC/pc.vhd "$dsn/src/Usuario/PC/1. Ensamblador/ensamblador.vhd" "$dsn/src/Usuario/PC/2. CPU/cpu.vhd" "$dsn/src/Usuario/PC/2. CPU/1. UI/ui.vhd" "$dsn/src/Usuario/PC/2. CPU/1. UI/1. Máquina de Estados/states_machine.vhd" "$dsn/src/Usuario/PC/2. CPU/1. UI/2. Registros FP/registros_fp.vhd" "$dsn/src/Usuario/PC/2. CPU/2. Etapas/etapas.vhd" "$dsn/src/Usuario/PC/2. CPU/2. Etapas/1. Fetch/fetch.vhd" "$dsn/src/Usuario/PC/2. CPU/2. Etapas/2. Decode/decode.vhd" "$dsn/src/Usuario/PC/2. CPU/2. Etapas/3. Execute/execute.vhd" "$dsn/src/Usuario/PC/2. CPU/2. Etapas/3. Execute/1. ALU/execute_alu.vhd" "$dsn/src/Usuario/PC/2. CPU/2. Etapas/3. Execute/2. FPU/execute_fpu.vhd" "$dsn/src/Usuario/PC/2. CPU/2. Etapas/4. Memory Access/memory_access.vhd" "$dsn/src/Usuario/PC/2. CPU/2. Etapas/5. Writeback/writeback.vhd" "$dsn/src/Usuario/PC/2. CPU/3. Pipeline_Registros/pipeline_registros.vhd" "$dsn/src/Usuario/PC/2. CPU/4. Atascos/atascos.vhd" "$dsn/src/Usuario/PC/2. CPU/4. Atascos/1. Estructurales/str_detector.vhd" "$dsn/src/Usuario/PC/2. CPU/4. Atascos/2. Datos/raw_waw_detector.vhd" "$dsn/src/Usuario/PC/2. CPU/5. CPU_Admin/cpu_admin.vhd" "$dsn/src/Usuario/PC/2. CPU/6. Reloj/reloj.vhd" "$dsn/src/Usuario/PC/2. CPU/7. Registros/registros.vhd" "$dsn/src/Usuario/PC/3. Buses_Admin/buses_admin.vhd" "$dsn/src/Usuario/PC/4. Memoria/memoria.vhd"
# Compile Package "const_reloj"
# Compile Package Body "const_reloj"
# Compile Package "tipos_cpu"
# Compile Package Body "tipos_cpu"
# Compile Package "tipos_memoria"
# Compile Package Body "tipos_memoria"
# Compile Package "const_memoria"
# Compile Package Body "const_memoria"
# Compile Package "const_registros"
# Compile Package Body "const_registros"
# Compile Package "const_flags"
# Compile Package Body "const_flags"
# Compile Package "const_buses"
# Compile Package Body "const_buses"
# Compile Package "const_cpu"
# Compile Package Body "const_cpu"
# Compile Package "tipos_ensamblador"
# Compile Package Body "tipos_ensamblador"
# Compile Package "repert_cpu"
# Compile Package Body "repert_cpu"
# Compile Package "tipos_ascii"
# Compile Package Body "tipos_ascii"
# Compile Package "const_ascii"
# Compile Package Body "const_ascii"
# Compile Package "func_ensamblador"
# Compile Package Body "func_ensamblador"
# Compile Package "const_ensamblador"
# Compile Package Body "const_ensamblador"
# Compile Entity "usuario"
# Compile Architecture "USUARIO_ARCHITECTURE" of Entity "usuario"
# Compile Entity "pc"
# Compile Architecture "PC_ARCHITECTURE" of Entity "pc"
# Compile Entity "ensamblador"
# Compile Architecture "ENSAMBLADOR_ARCHITECTURE" of Entity "ensamblador"
# Compile Entity "cpu"
# Compile Architecture "CPU_ARCHITECTURE" of Entity "cpu"
# Compile Entity "ui"
# Compile Architecture "UI_ARCHITECTURE" of Entity "ui"
# Compile Entity "states_machine"
# Compile Architecture "STATES_MACHINE_ARCHITECTURE" of Entity "states_machine"
# Compile Entity "registros_fp"
# Compile Architecture "REGISTROS_FP_ARCHITECTURE" of Entity "registros_fp"
# Compile Entity "etapas"
# Compile Architecture "ETAPAS_ARCHITECTURE" of Entity "etapas"
# Compile Entity "fetch"
# Compile Architecture "fetch_architecture" of Entity "fetch"
# Compile Entity "decode"
# Compile Architecture "decode_architecture" of Entity "decode"
# Compile Entity "execute"
# Compile Architecture "EXECUTE_ARCHITECTURE" of Entity "execute"
# Compile Entity "execute_alu"
# Compile Architecture "EXECUTE_ALU_ARCHITECTURE" of Entity "execute_alu"
# Compile Entity "execute_fpu"
# Compile Architecture "EXECUTE_FPU_ARCHITECTURE" of Entity "execute_fpu"
# Compile Entity "memory_access"
# Compile Architecture "MEMORY_ACCESS_ARCHITECTURE" of Entity "memory_access"
# Compile Entity "writeback"
# Compile Architecture "WRITEBACK_ARCHITECTURE" of Entity "writeback"
# Compile Entity "pipeline_registros"
# Compile Architecture "pipeline_registros_architecture" of Entity "pipeline_registros"
# Compile Entity "atascos"
# Compile Architecture "ATASCOS_ARCHITECTURE" of Entity "atascos"
# Compile Entity "str_detector"
# Compile Architecture "STR_DETECTOR_ARCHITECTURE" of Entity "str_detector"
# Compile Entity "raw_waw_detector"
# Compile Architecture "RAW_WAW_DETECTOR_ARCHITECTURE" of Entity "raw_waw_detector"
# Compile Entity "cpu_admin"
# Compile Architecture "cpu_admin_architecture" of Entity "cpu_admin"
# Compile Entity "reloj"
# Compile Architecture "reloj_architecture" of Entity "reloj"
# Compile Entity "registros"
# Compile Architecture "REGISTROS_ARCHITECTURE" of Entity "registros"
# Compile Entity "buses_admin"
# Compile Architecture "BUSES_ADMIN_ARCHITECTURE" of Entity "buses_admin"
# Compile Entity "memoria"
# Compile Architecture "MEMORIA_ARCHITECTURE" of Entity "memoria"
# Compile success 0 Errors 0 Warnings  Analysis time :  1.0 [s]
endsim
# VSIM: Simulation has finished.
asim -t ns -O5 +access +r +m+usuario usuario usuario_architecture
# ELBREAD: Elaboration process.
# ELBREAD: Elaboration time 0.0 [s].
# VSIM: Stack memory: 32MB
# VSIM: Retval memory: 32MB
# 
# KERNEL: Main thread initiated.
# KERNEL: Kernel process initialization phase.
# ELAB2: Elaboration final pass...
# ELAB2: Create instances ...
# KERNEL: Time resolution set to 1ns.
# ELAB2: Create instances complete.
# SLP: Started
# SLP: Elaboration phase ...
# SLP: Elaboration phase ... skipped, nothing to simulate in SLP mode : 0.0 [s]
# SLP: Finished : 0.0 [s]
# ELAB2: Elaboration final pass complete - time: 0.1 [s].
# KERNEL: Warning: You are using the Active-HDL Student Edition. The performance of simulation is running at a reduced rate.
# KERNEL: Warning: Contact Aldec for available upgrade options - sales@aldec.com.
# KERNEL: Kernel process initialization done.
# Allocation: Simulator allocated 57055 kB (elbread=427 elab2=56479 kernel=149 sdf=0)
# KERNEL: ASDB file was created in location D:\WindowsStuff\IngenieriaenComputacion\TercerAño\2doSemestre\TallerDeArquitectura\Repositorio\ProcesadorTDA1819\TDA_1819\TDA_1819\src\wave.asdb
#  5:55 PM, Monday, November 17, 2025
#  Simulation has been initialized
# Waveform file 'untitled.awc' connected to 'D:/WindowsStuff/IngenieriaenComputacion/TercerAño/2doSemestre/TallerDeArquitectura/Repositorio/ProcesadorTDA1819/TDA_1819/TDA_1819/src/wave.asdb'.
run
# EXECUTION:: WARNING: El programa 'Assembler/prueba.asm' ha sido ensamblado exitosamente
# EXECUTION:: Time: 67 ns,  Iteration: 1,  Instance: /usuario,  Process: Main.
# EXECUTION:: WARNING: El programa 'Assembler/prueba.asm' ha sido ejecutado exitosamente
# EXECUTION:: Time: 800 ns,  Iteration: 1,  Instance: /usuario,  Process: Main.
# KERNEL: Simulation has finished. There are no more test vectors to simulate.
endsim
# VSIM: Simulation has finished.
# ELBREAD: Elaboration process.
# ELBREAD: Elaboration time 0.0 [s].
asim -t ns -O5 +access +r +m+usuario usuario usuario_architecture
# ELBREAD: Elaboration process.
# ELBREAD: Elaboration time 0.0 [s].
# VSIM: Stack memory: 32MB
# VSIM: Retval memory: 32MB
# 
# KERNEL: Main thread initiated.
# KERNEL: Kernel process initialization phase.
# ELAB2: Elaboration final pass...
# ELAB2: Create instances ...
# KERNEL: Time resolution set to 1ns.
# ELAB2: Create instances complete.
# SLP: Started
# SLP: Elaboration phase ...
# SLP: Elaboration phase ... skipped, nothing to simulate in SLP mode : 0.0 [s]
# SLP: Finished : 0.0 [s]
# ELAB2: Elaboration final pass complete - time: 0.1 [s].
# KERNEL: Warning: You are using the Active-HDL Student Edition. The performance of simulation is running at a reduced rate.
# KERNEL: Warning: Contact Aldec for available upgrade options - sales@aldec.com.
# KERNEL: Kernel process initialization done.
# Allocation: Simulator allocated 57055 kB (elbread=427 elab2=56479 kernel=149 sdf=0)
# KERNEL: ASDB file was created in location D:\WindowsStuff\IngenieriaenComputacion\TercerAño\2doSemestre\TallerDeArquitectura\Repositorio\ProcesadorTDA1819\TDA_1819\TDA_1819\src\wave.asdb
#  5:56 PM, Monday, November 17, 2025
#  Simulation has been initialized
# add wave -noreg {/usuario/DoneCompUser}
# add wave -noreg {/usuario/DoneCpuUser}
# add wave -noreg {/usuario/ReadyUser}
# VSIM: 3 object(s) traced.
# Waveform file 'untitled.awc' connected to 'D:/WindowsStuff/IngenieriaenComputacion/TercerAño/2doSemestre/TallerDeArquitectura/Repositorio/ProcesadorTDA1819/TDA_1819/TDA_1819/src/wave.asdb'.
# add wave -noreg {/usuario/UUT/UUT2/UUT7/R1}
# VSIM: 1 object(s) traced.
# add wave -noreg {/usuario/UUT/UUT2/UUT7/R2}
# VSIM: 1 object(s) traced.
# add wave -noreg {/usuario/UUT/UUT4/Stack_Memory}
# VSIM: 1 object(s) traced.
# add wave -noreg {/usuario/UUT/UUT2/UUT7/SP}
# VSIM: 1 object(s) traced.
run
# EXECUTION:: WARNING: El programa 'Assembler/prueba.asm' ha sido ensamblado exitosamente
# EXECUTION:: Time: 67 ns,  Iteration: 1,  Instance: /usuario,  Process: Main.
# EXECUTION:: WARNING: El programa 'Assembler/prueba.asm' ha sido ejecutado exitosamente
# EXECUTION:: Time: 800 ns,  Iteration: 1,  Instance: /usuario,  Process: Main.
# KERNEL: Simulation has finished. There are no more test vectors to simulate.
